# JRE version: OpenJDK Runtime Environment (11.0.13) (build 11.0.13+0-b1751.21-8125866)
# Java VM: OpenJDK 64-Bit Server VM (11.0.13+0-b1751.21-8125866, mixed mode, tiered, compressed oops, g1 gc, windows-amd64)
Heap:
 garbage-first heap   total 374784K, used 261494K [0x0000000080000000, 0x0000000100000000)
  region size 1024K, 4 young (4096K), 2 survivors (2048K)
 Metaspace       used 156514K, capacity 161582K, committed 161780K, reserved 1189888K
  class space    used 20068K, capacity 21765K, committed 21888K, reserved 1048576K
GC Heap History (20 events):
Event: 225.486 GC heap before
{Heap before GC invocations=83 (full 0):
 garbage-first heap   total 374784K, used 309063K [0x0000000080000000, 0x0000000100000000)
  region size 1024K, 72 young (73728K), 2 survivors (2048K)
 Metaspace       used 149794K, capacity 154283K, committed 154356K, reserved 1183744K
  class space    used 19312K, capacity 20812K, committed 20864K, reserved 1048576K
}
Event: 225.496 GC heap after
{Heap after GC invocations=84 (full 0):
 garbage-first heap   total 374784K, used 243202K [0x0000000080000000, 0x0000000100000000)
  region size 1024K, 8 young (8192K), 8 survivors (8192K)
 Metaspace       used 149794K, capacity 154283K, committed 154356K, reserved 1183744K
  class space    used 19312K, capacity 20812K, committed 20864K, reserved 1048576K
}
Event: 226.478 GC heap before
{Heap before GC invocations=85 (full 0):
 garbage-first heap   total 374784K, used 310786K [0x0000000080000000, 0x0000000100000000)
  region size 1024K, 75 young (76800K), 8 survivors (8192K)
 Metaspace       used 149826K, capacity 154169K, committed 154356K, reserved 1183744K
  class space    used 19311K, capacity 20773K, committed 20864K, reserved 1048576K
}
Event: 226.488 GC heap after
{Heap after GC invocations=86 (full 0):
 garbage-first heap   total 374784K, used 248743K [0x0000000080000000, 0x0000000100000000)
  region size 1024K, 6 young (6144K), 6 survivors (6144K)
 Metaspace       used 149826K, capacity 154169K, committed 154356K, reserved 1183744K
  class space    used 19311K, capacity 20773K, committed 20864K, reserved 1048576K
}
Event: 226.586 GC heap before
{Heap before GC invocations=86 (full 0):
 garbage-first heap   total 374784K, used 260007K [0x0000000080000000, 0x0000000100000000)
  region size 1024K, 18 young (18432K), 6 survivors (6144K)
 Metaspace       used 150039K, capacity 154393K, committed 154612K, reserved 1183744K
  class space    used 19342K, capacity 20805K, committed 20864K, reserved 1048576K
}
Event: 226.593 GC heap after
{Heap after GC invocations=87 (full 0):
 garbage-first heap   total 374784K, used 249828K [0x0000000080000000, 0x0000000100000000)
  region size 1024K, 2 young (2048K), 2 survivors (2048K)
 Metaspace       used 150039K, capacity 154393K, committed 154612K, reserved 1183744K
  class space    used 19342K, capacity 20805K, committed 20864K, reserved 1048576K
}
Event: 227.050 GC heap before
{Heap before GC invocations=87 (full 0):
 garbage-first heap   total 374784K, used 313316K [0x0000000080000000, 0x0000000100000000)
  region size 1024K, 65 young (66560K), 2 survivors (2048K)
 Metaspace       used 150305K, capacity 154638K, committed 154868K, reserved 1183744K
  class space    used 19378K, capacity 20864K, committed 20864K, reserved 1048576K
}
Event: 227.059 GC heap after
{Heap after GC invocations=88 (full 0):
 garbage-first heap   total 374784K, used 253254K [0x0000000080000000, 0x0000000100000000)
  region size 1024K, 6 young (6144K), 6 survivors (6144K)
 Metaspace       used 150305K, capacity 154638K, committed 154868K, reserved 1183744K
  class space    used 19378K, capacity 20864K, committed 20864K, reserved 1048576K
}
Event: 259.553 GC heap before
{Heap before GC invocations=89 (full 0):
 garbage-first heap   total 374784K, used 315718K [0x0000000080000000, 0x0000000100000000)
  region size 1024K, 68 young (69632K), 6 survivors (6144K)
 Metaspace       used 151002K, capacity 155539K, committed 155764K, reserved 1183744K
  class space    used 19439K, capacity 20960K, committed 20992K, reserved 1048576K
}
Event: 259.564 GC heap after
{Heap after GC invocations=90 (full 0):
 garbage-first heap   total 374784K, used 258532K [0x0000000080000000, 0x0000000100000000)
  region size 1024K, 9 young (9216K), 9 survivors (9216K)
 Metaspace       used 151002K, capacity 155539K, committed 155764K, reserved 1183744K
  class space    used 19439K, capacity 20960K, committed 20992K, reserved 1048576K
}
Event: 259.703 GC heap before
{Heap before GC invocations=90 (full 0):
 garbage-first heap   total 374784K, used 267748K [0x0000000080000000, 0x0000000100000000)
  region size 1024K, 18 young (18432K), 9 survivors (9216K)
 Metaspace       used 151110K, capacity 155728K, committed 155764K, reserved 1183744K
  class space    used 19448K, capacity 20973K, committed 20992K, reserved 1048576K
}
Event: 259.713 GC heap after
{Heap after GC invocations=91 (full 0):
 garbage-first heap   total 374784K, used 260288K [0x0000000080000000, 0x0000000100000000)
  region size 1024K, 3 young (3072K), 3 survivors (3072K)
 Metaspace       used 151110K, capacity 155728K, committed 155764K, reserved 1183744K
  class space    used 19448K, capacity 20973K, committed 20992K, reserved 1048576K
}
Event: 260.607 GC heap before
{Heap before GC invocations=91 (full 0):
 garbage-first heap   total 374784K, used 318656K [0x0000000080000000, 0x0000000100000000)
  region size 1024K, 60 young (61440K), 3 survivors (3072K)
 Metaspace       used 151521K, capacity 156253K, committed 156404K, reserved 1185792K
  class space    used 19499K, capacity 21100K, committed 21120K, reserved 1048576K
}
Event: 260.628 GC heap after
{Heap after GC invocations=92 (full 0):
 garbage-first heap   total 374784K, used 267990K [0x0000000080000000, 0x0000000100000000)
  region size 1024K, 8 young (8192K), 8 survivors (8192K)
 Metaspace       used 151521K, capacity 156253K, committed 156404K, reserved 1185792K
  class space    used 19499K, capacity 21100K, committed 21120K, reserved 1048576K
}
Event: 260.903 GC heap before
{Heap before GC invocations=92 (full 0):
 garbage-first heap   total 374784K, used 318166K [0x0000000080000000, 0x0000000100000000)
  region size 1024K, 58 young (59392K), 8 survivors (8192K)
 Metaspace       used 151564K, capacity 156326K, committed 156404K, reserved 1185792K
  class space    used 19499K, capacity 21100K, committed 21120K, reserved 1048576K
}
Event: 260.913 GC heap after
{Heap after GC invocations=93 (full 0):
 garbage-first heap   total 374784K, used 271724K [0x0000000080000000, 0x0000000100000000)
  region size 1024K, 4 young (4096K), 4 survivors (4096K)
 Metaspace       used 151564K, capacity 156326K, committed 156404K, reserved 1185792K
  class space    used 19499K, capacity 21100K, committed 21120K, reserved 1048576K
}
Event: 279.395 GC heap before
{Heap before GC invocations=94 (full 0):
 garbage-first heap   total 374784K, used 320876K [0x0000000080000000, 0x0000000100000000)
  region size 1024K, 52 young (53248K), 4 survivors (4096K)
 Metaspace       used 152313K, capacity 157408K, committed 157684K, reserved 1185792K
  class space    used 19609K, capacity 21310K, committed 21376K, reserved 1048576K
}
Event: 279.407 GC heap after
{Heap after GC invocations=95 (full 0):
 garbage-first heap   total 374784K, used 276644K [0x0000000080000000, 0x0000000100000000)
  region size 1024K, 7 young (7168K), 7 survivors (7168K)
 Metaspace       used 152313K, capacity 157408K, committed 157684K, reserved 1185792K
  class space    used 19609K, capacity 21310K, committed 21376K, reserved 1048576K
}
Event: 282.536 GC heap before
{Heap before GC invocations=95 (full 0):
 garbage-first heap   total 374784K, used 287908K [0x0000000080000000, 0x0000000100000000)
  region size 1024K, 18 young (18432K), 7 survivors (7168K)
 Metaspace       used 152735K, capacity 157840K, committed 158068K, reserved 1185792K
  class space    used 19681K, capacity 21381K, committed 21504K, reserved 1048576K
}
Event: 282.552 GC heap after
{Heap after GC invocations=96 (full 0):
 garbage-first heap   total 374784K, used 263248K [0x0000000080000000, 0x0000000100000000)
  region size 1024K, 2 young (2048K), 2 survivors (2048K)
 Metaspace       used 152735K, capacity 157840K, committed 158068K, reserved 1185792K
  class space    used 19681K, capacity 21381K, committed 21504K, reserved 1048576K
}

