# JRE version: OpenJDK Runtime Environment (11.0.13) (build 11.0.13+0-b1751.21-8125866)
# Java VM: OpenJDK 64-Bit Server VM (11.0.13+0-b1751.21-8125866, mixed mode, tiered, compressed oops, g1 gc, windows-amd64)
Heap:
 garbage-first heap   total 260096K, used 181820K [0x0000000080000000, 0x0000000100000000)
  region size 1024K, 91 young (93184K), 12 survivors (12288K)
 Metaspace       used 96902K, capacity 99346K, committed 99624K, reserved 1136640K
  class space    used 12517K, capacity 13427K, committed 13548K, reserved 1048576K
GC Heap History (20 events):
Event: 7.694 GC heap before
{Heap before GC invocations=6 (full 0):
 garbage-first heap   total 260096K, used 157736K [0x0000000080000000, 0x0000000100000000)
  region size 1024K, 135 young (138240K), 6 survivors (6144K)
 Metaspace       used 45785K, capacity 46907K, committed 47184K, reserved 1089536K
  class space    used 5800K, capacity 6189K, committed 6304K, reserved 1048576K
}
Event: 7.709 GC heap after
{Heap after GC invocations=7 (full 0):
 garbage-first heap   total 260096K, used 29760K [0x0000000080000000, 0x0000000100000000)
  region size 1024K, 13 young (13312K), 13 survivors (13312K)
 Metaspace       used 45785K, capacity 46907K, committed 47184K, reserved 1089536K
  class space    used 5800K, capacity 6189K, committed 6304K, reserved 1048576K
}
Event: 13.114 GC heap before
{Heap before GC invocations=7 (full 0):
 garbage-first heap   total 260096K, used 182336K [0x0000000080000000, 0x0000000100000000)
  region size 1024K, 152 young (155648K), 13 survivors (13312K)
 Metaspace       used 54934K, capacity 56321K, committed 56656K, reserved 1097728K
  class space    used 6961K, capacity 7472K, committed 7584K, reserved 1048576K
}
Event: 13.132 GC heap after
{Heap after GC invocations=8 (full 0):
 garbage-first heap   total 260096K, used 53811K [0x0000000080000000, 0x0000000100000000)
  region size 1024K, 19 young (19456K), 19 survivors (19456K)
 Metaspace       used 54934K, capacity 56321K, committed 56656K, reserved 1097728K
  class space    used 6961K, capacity 7472K, committed 7584K, reserved 1048576K
}
Event: 13.519 GC heap before
{Heap before GC invocations=8 (full 0):
 garbage-first heap   total 260096K, used 79411K [0x0000000080000000, 0x0000000100000000)
  region size 1024K, 45 young (46080K), 19 survivors (19456K)
 Metaspace       used 58962K, capacity 60429K, committed 60508K, reserved 1101824K
  class space    used 7426K, capacity 7944K, committed 7968K, reserved 1048576K
}
Event: 13.542 GC heap after
{Heap after GC invocations=9 (full 0):
 garbage-first heap   total 260096K, used 57258K [0x0000000080000000, 0x0000000100000000)
  region size 1024K, 3 young (3072K), 3 survivors (3072K)
 Metaspace       used 58962K, capacity 60429K, committed 60508K, reserved 1101824K
  class space    used 7426K, capacity 7944K, committed 7968K, reserved 1048576K
}
Event: 14.689 GC heap before
{Heap before GC invocations=10 (full 0):
 garbage-first heap   total 260096K, used 157610K [0x0000000080000000, 0x0000000100000000)
  region size 1024K, 94 young (96256K), 3 survivors (3072K)
 Metaspace       used 66715K, capacity 68346K, committed 68520K, reserved 1110016K
  class space    used 8423K, capacity 9011K, committed 9068K, reserved 1048576K
}
Event: 14.697 GC heap after
{Heap after GC invocations=11 (full 0):
 garbage-first heap   total 260096K, used 62082K [0x0000000080000000, 0x0000000100000000)
  region size 1024K, 8 young (8192K), 8 survivors (8192K)
 Metaspace       used 66715K, capacity 68346K, committed 68520K, reserved 1110016K
  class space    used 8423K, capacity 9011K, committed 9068K, reserved 1048576K
}
Event: 15.798 GC heap before
{Heap before GC invocations=12 (full 0):
 garbage-first heap   total 260096K, used 159362K [0x0000000080000000, 0x0000000100000000)
  region size 1024K, 103 young (105472K), 8 survivors (8192K)
 Metaspace       used 72364K, capacity 73927K, committed 74280K, reserved 1114112K
  class space    used 9260K, capacity 9860K, committed 9964K, reserved 1048576K
}
Event: 15.810 GC heap after
{Heap after GC invocations=13 (full 0):
 garbage-first heap   total 260096K, used 68578K [0x0000000080000000, 0x0000000100000000)
  region size 1024K, 13 young (13312K), 13 survivors (13312K)
 Metaspace       used 72364K, capacity 73927K, committed 74280K, reserved 1114112K
  class space    used 9260K, capacity 9860K, committed 9964K, reserved 1048576K
}
Event: 17.393 GC heap before
{Heap before GC invocations=13 (full 0):
 garbage-first heap   total 260096K, used 169954K [0x0000000080000000, 0x0000000100000000)
  region size 1024K, 112 young (114688K), 13 survivors (13312K)
 Metaspace       used 81635K, capacity 83389K, committed 83624K, reserved 1122304K
  class space    used 10606K, capacity 11269K, committed 11372K, reserved 1048576K
}
Event: 17.409 GC heap after
{Heap after GC invocations=14 (full 0):
 garbage-first heap   total 260096K, used 75044K [0x0000000080000000, 0x0000000100000000)
  region size 1024K, 13 young (13312K), 13 survivors (13312K)
 Metaspace       used 81635K, capacity 83389K, committed 83624K, reserved 1122304K
  class space    used 10606K, capacity 11269K, committed 11372K, reserved 1048576K
}
Event: 19.238 GC heap before
{Heap before GC invocations=14 (full 0):
 garbage-first heap   total 260096K, used 177444K [0x0000000080000000, 0x0000000100000000)
  region size 1024K, 113 young (115712K), 13 survivors (13312K)
 Metaspace       used 87887K, capacity 90077K, committed 90280K, reserved 1128448K
  class space    used 11468K, capacity 12314K, committed 12396K, reserved 1048576K
}
Event: 19.256 GC heap after
{Heap after GC invocations=15 (full 0):
 garbage-first heap   total 260096K, used 84096K [0x0000000080000000, 0x0000000100000000)
  region size 1024K, 15 young (15360K), 15 survivors (15360K)
 Metaspace       used 87887K, capacity 90077K, committed 90280K, reserved 1128448K
  class space    used 11468K, capacity 12314K, committed 12396K, reserved 1048576K
}
Event: 20.782 GC heap before
{Heap before GC invocations=15 (full 0):
 garbage-first heap   total 260096K, used 184448K [0x0000000080000000, 0x0000000100000000)
  region size 1024K, 114 young (116736K), 15 survivors (15360K)
 Metaspace       used 88885K, capacity 91117K, committed 91304K, reserved 1128448K
  class space    used 11513K, capacity 12342K, committed 12396K, reserved 1048576K
}
Event: 20.805 GC heap after
{Heap after GC invocations=16 (full 0):
 garbage-first heap   total 260096K, used 92360K [0x0000000080000000, 0x0000000100000000)
  region size 1024K, 10 young (10240K), 10 survivors (10240K)
 Metaspace       used 88885K, capacity 91117K, committed 91304K, reserved 1128448K
  class space    used 11513K, capacity 12342K, committed 12396K, reserved 1048576K
}
Event: 23.336 GC heap before
{Heap before GC invocations=16 (full 0):
 garbage-first heap   total 260096K, used 190664K [0x0000000080000000, 0x0000000100000000)
  region size 1024K, 107 young (109568K), 10 survivors (10240K)
 Metaspace       used 90334K, capacity 92660K, committed 92840K, reserved 1130496K
  class space    used 11692K, capacity 12544K, committed 12652K, reserved 1048576K
}
Event: 23.346 GC heap after
{Heap after GC invocations=17 (full 0):
 garbage-first heap   total 260096K, used 98586K [0x0000000080000000, 0x0000000100000000)
  region size 1024K, 8 young (8192K), 8 survivors (8192K)
 Metaspace       used 90334K, capacity 92660K, committed 92840K, reserved 1130496K
  class space    used 11692K, capacity 12544K, committed 12652K, reserved 1048576K
}
Event: 24.187 GC heap before
{Heap before GC invocations=17 (full 0):
 garbage-first heap   total 260096K, used 196890K [0x0000000080000000, 0x0000000100000000)
  region size 1024K, 105 young (107520K), 8 survivors (8192K)
 Metaspace       used 96570K, capacity 98988K, committed 99240K, reserved 1134592K
  class space    used 12470K, capacity 13349K, committed 13420K, reserved 1048576K
}
Event: 24.202 GC heap after
{Heap after GC invocations=18 (full 0):
 garbage-first heap   total 260096K, used 102972K [0x0000000080000000, 0x0000000100000000)
  region size 1024K, 12 young (12288K), 12 survivors (12288K)
 Metaspace       used 96570K, capacity 98988K, committed 99240K, reserved 1134592K
  class space    used 12470K, capacity 13349K, committed 13420K, reserved 1048576K
}

