# JRE version: OpenJDK Runtime Environment (11.0.13) (build 11.0.13+0-b1751.21-8125866)
# Java VM: OpenJDK 64-Bit Server VM (11.0.13+0-b1751.21-8125866, mixed mode, tiered, compressed oops, g1 gc, windows-amd64)
Heap:
 garbage-first heap   total 260096K, used 178627K [0x0000000080000000, 0x0000000100000000)
  region size 1024K, 23 young (23552K), 4 survivors (4096K)
 Metaspace       used 99257K, capacity 101681K, committed 101924K, reserved 1138688K
  class space    used 12869K, capacity 13715K, committed 13824K, reserved 1048576K
GC Heap History (20 events):
Event: 22.031 GC heap before
{Heap before GC invocations=15 (full 0):
 garbage-first heap   total 260096K, used 207602K [0x0000000080000000, 0x0000000100000000)
  region size 1024K, 93 young (95232K), 7 survivors (7168K)
 Metaspace       used 80804K, capacity 82709K, committed 82980K, reserved 1122304K
  class space    used 10473K, capacity 11175K, committed 11264K, reserved 1048576K
}
Event: 22.040 GC heap after
{Heap after GC invocations=16 (full 0):
 garbage-first heap   total 260096K, used 128509K [0x0000000080000000, 0x0000000100000000)
  region size 1024K, 12 young (12288K), 12 survivors (12288K)
 Metaspace       used 80804K, capacity 82709K, committed 82980K, reserved 1122304K
  class space    used 10473K, capacity 11175K, committed 11264K, reserved 1048576K
}
Event: 22.997 GC heap before
{Heap before GC invocations=17 (full 0):
 garbage-first heap   total 260096K, used 217597K [0x0000000080000000, 0x0000000100000000)
  region size 1024K, 90 young (92160K), 12 survivors (12288K)
 Metaspace       used 83867K, capacity 86055K, committed 86308K, reserved 1124352K
  class space    used 10873K, capacity 11656K, committed 11776K, reserved 1048576K
}
Event: 23.012 GC heap after
{Heap after GC invocations=18 (full 0):
 garbage-first heap   total 260096K, used 144886K [0x0000000080000000, 0x0000000100000000)
  region size 1024K, 7 young (7168K), 7 survivors (7168K)
 Metaspace       used 83867K, capacity 86055K, committed 86308K, reserved 1124352K
  class space    used 10873K, capacity 11656K, committed 11776K, reserved 1048576K
}
Event: 23.770 GC heap before
{Heap before GC invocations=18 (full 0):
 garbage-first heap   total 260096K, used 213494K [0x0000000080000000, 0x0000000100000000)
  region size 1024K, 74 young (75776K), 7 survivors (7168K)
 Metaspace       used 87400K, capacity 89628K, committed 89892K, reserved 1126400K
  class space    used 11391K, capacity 12189K, committed 12288K, reserved 1048576K
}
Event: 23.779 GC heap after
{Heap after GC invocations=19 (full 0):
 garbage-first heap   total 260096K, used 147255K [0x0000000080000000, 0x0000000100000000)
  region size 1024K, 9 young (9216K), 9 survivors (9216K)
 Metaspace       used 87400K, capacity 89628K, committed 89892K, reserved 1126400K
  class space    used 11391K, capacity 12189K, committed 12288K, reserved 1048576K
}
Event: 24.595 GC heap before
{Heap before GC invocations=20 (full 0):
 garbage-first heap   total 260096K, used 215863K [0x0000000080000000, 0x0000000100000000)
  region size 1024K, 76 young (77824K), 9 survivors (9216K)
 Metaspace       used 91000K, capacity 93273K, committed 93348K, reserved 1130496K
  class space    used 11870K, capacity 12651K, committed 12672K, reserved 1048576K
}
Event: 24.604 GC heap after
{Heap after GC invocations=21 (full 0):
 garbage-first heap   total 260096K, used 151555K [0x0000000080000000, 0x0000000100000000)
  region size 1024K, 8 young (8192K), 8 survivors (8192K)
 Metaspace       used 91000K, capacity 93273K, committed 93348K, reserved 1130496K
  class space    used 11870K, capacity 12651K, committed 12672K, reserved 1048576K
}
Event: 24.751 GC heap before
{Heap before GC invocations=21 (full 0):
 garbage-first heap   total 260096K, used 177155K [0x0000000080000000, 0x0000000100000000)
  region size 1024K, 34 young (34816K), 8 survivors (8192K)
 Metaspace       used 92148K, capacity 94425K, committed 94500K, reserved 1130496K
  class space    used 11999K, capacity 12779K, committed 12800K, reserved 1048576K
}
Event: 24.758 GC heap after
{Heap after GC invocations=22 (full 0):
 garbage-first heap   total 260096K, used 152526K [0x0000000080000000, 0x0000000100000000)
  region size 1024K, 6 young (6144K), 6 survivors (6144K)
 Metaspace       used 92148K, capacity 94425K, committed 94500K, reserved 1130496K
  class space    used 11999K, capacity 12779K, committed 12800K, reserved 1048576K
}
Event: 26.355 GC heap before
{Heap before GC invocations=23 (full 0):
 garbage-first heap   total 260096K, used 199630K [0x0000000080000000, 0x0000000100000000)
  region size 1024K, 52 young (53248K), 6 survivors (6144K)
 Metaspace       used 98723K, capacity 101151K, committed 101412K, reserved 1136640K
  class space    used 12834K, capacity 13709K, committed 13824K, reserved 1048576K
}
Event: 26.382 GC heap after
{Heap after GC invocations=24 (full 0):
 garbage-first heap   total 260096K, used 154831K [0x0000000080000000, 0x0000000100000000)
  region size 1024K, 4 young (4096K), 4 survivors (4096K)
 Metaspace       used 98723K, capacity 101151K, committed 101412K, reserved 1136640K
  class space    used 12834K, capacity 13709K, committed 13824K, reserved 1048576K
}
Event: 27.012 GC heap before
{Heap before GC invocations=25 (full 0):
 garbage-first heap   total 260096K, used 217295K [0x0000000080000000, 0x0000000100000000)
  region size 1024K, 64 young (65536K), 4 survivors (4096K)
 Metaspace       used 99171K, capacity 101599K, committed 101924K, reserved 1138688K
  class space    used 12855K, capacity 13709K, committed 13824K, reserved 1048576K
}
Event: 27.018 GC heap after
{Heap after GC invocations=26 (full 0):
 garbage-first heap   total 260096K, used 159791K [0x0000000080000000, 0x0000000100000000)
  region size 1024K, 7 young (7168K), 7 survivors (7168K)
 Metaspace       used 99171K, capacity 101599K, committed 101924K, reserved 1138688K
  class space    used 12855K, capacity 13709K, committed 13824K, reserved 1048576K
}
Event: 27.378 GC heap before
{Heap before GC invocations=26 (full 0):
 garbage-first heap   total 260096K, used 218159K [0x0000000080000000, 0x0000000100000000)
  region size 1024K, 65 young (66560K), 7 survivors (7168K)
 Metaspace       used 99174K, capacity 101599K, committed 101924K, reserved 1138688K
  class space    used 12855K, capacity 13709K, committed 13824K, reserved 1048576K
}
Event: 27.383 GC heap after
{Heap after GC invocations=27 (full 0):
 garbage-first heap   total 260096K, used 160132K [0x0000000080000000, 0x0000000100000000)
  region size 1024K, 4 young (4096K), 4 survivors (4096K)
 Metaspace       used 99174K, capacity 101599K, committed 101924K, reserved 1138688K
  class space    used 12855K, capacity 13709K, committed 13824K, reserved 1048576K
}
Event: 27.735 GC heap before
{Heap before GC invocations=28 (full 0):
 garbage-first heap   total 260096K, used 221572K [0x0000000080000000, 0x0000000100000000)
  region size 1024K, 64 young (65536K), 4 survivors (4096K)
 Metaspace       used 99177K, capacity 101599K, committed 101924K, reserved 1138688K
  class space    used 12855K, capacity 13709K, committed 13824K, reserved 1048576K
}
Event: 27.737 GC heap after
{Heap after GC invocations=29 (full 0):
 garbage-first heap   total 260096K, used 160260K [0x0000000080000000, 0x0000000100000000)
  region size 1024K, 4 young (4096K), 4 survivors (4096K)
 Metaspace       used 99177K, capacity 101599K, committed 101924K, reserved 1138688K
  class space    used 12855K, capacity 13709K, committed 13824K, reserved 1048576K
}
Event: 28.055 GC heap before
{Heap before GC invocations=29 (full 0):
 garbage-first heap   total 260096K, used 222724K [0x0000000080000000, 0x0000000100000000)
  region size 1024K, 65 young (66560K), 4 survivors (4096K)
 Metaspace       used 99198K, capacity 101663K, committed 101924K, reserved 1138688K
  class space    used 12856K, capacity 13709K, committed 13824K, reserved 1048576K
}
Event: 28.058 GC heap after
{Heap after GC invocations=30 (full 0):
 garbage-first heap   total 260096K, used 160195K [0x0000000080000000, 0x0000000100000000)
  region size 1024K, 4 young (4096K), 4 survivors (4096K)
 Metaspace       used 99198K, capacity 101663K, committed 101924K, reserved 1138688K
  class space    used 12856K, capacity 13709K, committed 13824K, reserved 1048576K
}

